[2026-03-21 14:51:42] local.ERROR: There are no commands defined in the "breeze" namespace. {"exception":"[object] (Symfony\\Component\\Console\\Exception\\NamespaceNotFoundException(code: 0): There are no commands defined in the \"breeze\" namespace. at C:/xampp/htdocs/Infertility-Treatment-Management-and-Monitoring-System/vendor/symfony/console/Application.php:694)
[stacktrace]
#0 C:/xampp/htdocs/Infertility-Treatment-Management-and-Monitoring-System/vendor/symfony/console/Application.php(743): Symfony/Component/Console/Application->findNamespace('breeze')
#1 C:/xampp/htdocs/Infertility-Treatment-Management-and-Monitoring-System/vendor/symfony/console/Application.php(298): Symfony/Component/Console/Application->find('breeze:install')
#2 C:/xampp/htdocs/Infertility-Treatment-Management-and-Monitoring-System/vendor/symfony/console/Application.php(195): Symfony/Component/Console/Application->doRun(Object(Symfony/Component/Console/Input/ArgvInput), Object(Symfony/Component/Console/Output/ConsoleOutput))
#3 C:/xampp/htdocs/Infertility-Treatment-Management-and-Monitoring-System/vendor/laravel/framework/src/Illuminate/Foundation/Console/Kernel.php(198): Symfony/Component/Console/Application->run(Object(Symfony/Component/Console/Input/ArgvInput), Object(Symfony/Component/Console/Output/ConsoleOutput))
#4 C:/xampp/htdocs/Infertility-Treatment-Management-and-Monitoring-System/vendor/laravel/framework/src/Illuminate/Foundation/Application.php(1235): Illuminate/Foundation/Console/Kernel->handle(Object(Symfony/Component/Console/Input/ArgvInput), Object(Symfony/Component/Console/Output/ConsoleOutput))
#5 C:/xampp/htdocs/Infertility-Treatment-Management-and-Monitoring-System/artisan(16): Illuminate/Foundation/Application->handleCommand(Object(Symfony/Component/Console/Input/ArgvInput))
#6 {main}
"} 
[2026-03-21 14:52:51] local.ERROR: There are no commands defined in the "breeze" namespace. {"exception":"[object] (Symfony\\Component\\Console\\Exception\\NamespaceNotFoundException(code: 0): There are no commands defined in the \"breeze\" namespace. at C:/xampp/htdocs/Infertility-Treatment-Management-and-Monitoring-System/vendor/symfony/console/Application.php:694)
[stacktrace]
#0 C:/xampp/htdocs/Infertility-Treatment-Management-and-Monitoring-System/vendor/symfony/console/Application.php(743): Symfony/Component/Console/Application->findNamespace('breeze')
#1 C:/xampp/htdocs/Infertility-Treatment-Management-and-Monitoring-System/vendor/symfony/console/Application.php(298): Symfony/Component/Console/Application->find('breeze:install')
#2 C:/xampp/htdocs/Infertility-Treatment-Management-and-Monitoring-System/vendor/symfony/console/Application.php(195): Symfony/Component/Console/Application->doRun(Object(Symfony/Component/Console/Input/ArgvInput), Object(Symfony/Component/Console/Output/ConsoleOutput))
#3 C:/xampp/htdocs/Infertility-Treatment-Management-and-Monitoring-System/vendor/laravel/framework/src/Illuminate/Foundation/Console/Kernel.php(198): Symfony/Component/Console/Application->run(Object(Symfony/Component/Console/Input/ArgvInput), Object(Symfony/Component/Console/Output/ConsoleOutput))
#4 C:/xampp/htdocs/Infertility-Treatment-Management-and-Monitoring-System/vendor/laravel/framework/src/Illuminate/Foundation/Application.php(1235): Illuminate/Foundation/Console/Kernel->handle(Object(Symfony/Component/Console/Input/ArgvInput), Object(Symfony/Component/Console/Output/ConsoleOutput))
#5 C:/xampp/htdocs/Infertility-Treatment-Management-and-Monitoring-System/artisan(16): Illuminate/Foundation/Application->handleCommand(Object(Symfony/Component/Console/Input/ArgvInput))
#6 {main}
"} 
[2026-03-21 15:12:26] local.ERROR: Call to undefined method App\Models\User::assignRole() {"exception":"[object] (BadMethodCallException(code: 0): Call to undefined method App\\Models\\User::assignRole() at C:/xampp/htdocs/Infertility-Treatment-Management-and-Monitoring-System/vendor/laravel/framework/src/Illuminate/Support/Traits/ForwardsCalls.php:67)
[stacktrace]
#0 C:/xampp/htdocs/Infertility-Treatment-Management-and-Monitoring-System/vendor/laravel/framework/src/Illuminate/Support/Traits/ForwardsCalls.php(36): Illuminate/Database/Eloquent/Model::throwBadMethodCallException('assignRole')
#1 C:/xampp/htdocs/Infertility-Treatment-Management-and-Monitoring-System/vendor/laravel/framework/src/Illuminate/Database/Eloquent/Model.php(2540): Illuminate/Database/Eloquent/Model->forwardCallTo(Object(Illuminate/Database/Eloquent/Builder), 'assignRole', Array)
#2 C:/xampp/htdocs/Infertility-Treatment-Management-and-Monitoring-System/database/seeders/DatabaseSeeder.php(29): Illuminate/Database/Eloquent/Model->__call('assignRole', Array)
#3 C:/xampp/htdocs/Infertility-Treatment-Management-and-Monitoring-System/vendor/laravel/framework/src/Illuminate/Container/BoundMethod.php(36): Database/Seeders/DatabaseSeeder->run()
#4 C:/xampp/htdocs/Infertility-Treatment-Management-and-Monitoring-System/vendor/laravel/framework/src/Illuminate/Container/Util.php(43): Illuminate/Container/BoundMethod::Illuminate/Container/{closure}()
#5 C:/xampp/htdocs/Infertility-Treatment-Management-and-Monitoring-System/vendor/laravel/framework/src/Illuminate/Container/BoundMethod.php(96): Illuminate/Container/Util::unwrapIfClosure(Object(Closure))
#6 C:/xampp/htdocs/Infertility-Treatment-Management-and-Monitoring-System/vendor/laravel/framework/src/Illuminate/Container/BoundMethod.php(35): Illuminate/Container/BoundMethod::callBoundMethod(Object(Illuminate/Foundation/Application), Array, Object(Closure))
#7 C:/xampp/htdocs/Infertility-Treatment-Management-and-Monitoring-System/vendor/laravel/framework/src/Illuminate/Container/Container.php(799): Illuminate/Container/BoundMethod::call(Object(Illuminate/Foundation/Application), Array, Array, NULL)
#8 C:/xampp/htdocs/Infertility-Treatment-Management-and-Monitoring-System/vendor/laravel/framework/src/Illuminate/Database/Seeder.php(184): Illuminate/Container/Container->call(Array, Array)
#9 C:/xampp/htdocs/Infertility-Treatment-Management-and-Monitoring-System/vendor/laravel/framework/src/Illuminate/Database/Eloquent/Concerns/HasEvents.php(454): Illuminate/Database/Seeder->Illuminate/Database/{closure}()
#10 C:/xampp/htdocs/Infertility-Treatment-Management-and-Monitoring-System/vendor/laravel/framework/src/Illuminate/Database/Console/Seeds/WithoutModelEvents.php(17): Illuminate/Database/Eloquent/Model::withoutEvents(Object(Closure))
#11 C:/xampp/htdocs/Infertility-Treatment-Management-and-Monitoring-System/vendor/laravel/framework/src/Illuminate/Database/Seeder.php(193): Database/Seeders/DatabaseSeeder->Illuminate/Database/Console/Seeds/{closure}()
#12 C:/xampp/htdocs/Infertility-Treatment-Management-and-Monitoring-System/vendor/laravel/framework/src/Illuminate/Database/Console/Seeds/SeedCommand.php(71): Illuminate/Database/Seeder->__invoke()
#13 C:/xampp/htdocs/Infertility-Treatment-Management-and-Monitoring-System/vendor/laravel/framework/src/Illuminate/Database/Eloquent/Concerns/GuardsAttributes.php(157): Illuminate/Database/Console/Seeds/SeedCommand->Illuminate/Database/Console/Seeds/{closure}()
#14 C:/xampp/htdocs/Infertility-Treatment-Management-and-Monitoring-System/vendor/laravel/framework/src/Illuminate/Database/Console/Seeds/SeedCommand.php(70): Illuminate/Database/Eloquent/Model::unguarded(Object(Closure))
#15 C:/xampp/htdocs/Infertility-Treatment-Management-and-Monitoring-System/vendor/laravel/framework/src/Illuminate/Container/BoundMethod.php(36): Illuminate/Database/Console/Seeds/SeedCommand->handle()
#16 C:/xampp/htdocs/Infertility-Treatment-Management-and-Monitoring-System/vendor/laravel/framework/src/Illuminate/Container/Util.php(43): Illuminate/Container/BoundMethod::Illuminate/Container/{closure}()
#17 C:/xampp/htdocs/Infertility-Treatment-Management-and-Monitoring-System/vendor/laravel/framework/src/Illuminate/Container/BoundMethod.php(96): Illuminate/Container/Util::unwrapIfClosure(Object(Closure))
#18 C:/xampp/htdocs/Infertility-Treatment-Management-and-Monitoring-System/vendor/laravel/framework/src/Illuminate/Container/BoundMethod.php(35): Illuminate/Container/BoundMethod::callBoundMethod(Object(Illuminate/Foundation/Application), Array, Object(Closure))
#19 C:/xampp/htdocs/Infertility-Treatment-Management-and-Monitoring-System/vendor/laravel/framework/src/Illuminate/Container/Container.php(799): Illuminate/Container/BoundMethod::call(Object(Illuminate/Foundation/Application), Array, Array, NULL)
#20 C:/xampp/htdocs/Infertility-Treatment-Management-and-Monitoring-System/vendor/laravel/framework/src/Illuminate/Console/Command.php(211): Illuminate/Container/Container->call(Array)
#21 C:/xampp/htdocs/Infertility-Treatment-Management-and-Monitoring-System/vendor/symfony/console/Command/Command.php(341): Illuminate/Console/Command->execute(Object(Symfony/Component/Console/Input/ArgvInput), Object(Illuminate/Console/OutputStyle))
#22 C:/xampp/htdocs/Infertility-Treatment-Management-and-Monitoring-System/vendor/laravel/framework/src/Illuminate/Console/Command.php(180): Symfony/Component/Console/Command/Command->run(Object(Symfony/Component/Console/Input/ArgvInput), Object(Illuminate/Console/OutputStyle))
#23 C:/xampp/htdocs/Infertility-Treatment-Management-and-Monitoring-System/vendor/symfony/console/Application.php(1117): Illuminate/Console/Command->run(Object(Symfony/Component/Console/Input/ArgvInput), Object(Symfony/Component/Console/Output/ConsoleOutput))
#24 C:/xampp/htdocs/Infertility-Treatment-Management-and-Monitoring-System/vendor/symfony/console/Application.php(356): Symfony/Component/Console/Application->doRunCommand(Object(Illuminate/Database/Console/Seeds/SeedCommand), Object(Symfony/Component/Console/Input/ArgvInput), Object(Symfony/Component/Console/Output/ConsoleOutput))
#25 C:/xampp/htdocs/Infertility-Treatment-Management-and-Monitoring-System/vendor/symfony/console/Application.php(195): Symfony/Component/Console/Application->doRun(Object(Symfony/Component/Console/Input/ArgvInput), Object(Symfony/Component/Console/Output/ConsoleOutput))
#26 C:/xampp/htdocs/Infertility-Treatment-Management-and-Monitoring-System/vendor/laravel/framework/src/Illuminate/Foundation/Console/Kernel.php(198): Symfony/Component/Console/Application->run(Object(Symfony/Component/Console/Input/ArgvInput), Object(Symfony/Component/Console/Output/ConsoleOutput))
#27 C:/xampp/htdocs/Infertility-Treatment-Management-and-Monitoring-System/vendor/laravel/framework/src/Illuminate/Foundation/Application.php(1235): Illuminate/Foundation/Console/Kernel->handle(Object(Symfony/Component/Console/Input/ArgvInput), Object(Symfony/Component/Console/Output/ConsoleOutput))
#28 C:/xampp/htdocs/Infertility-Treatment-Management-and-Monitoring-System/artisan(16): Illuminate/Foundation/Application->handleCommand(Object(Symfony/Component/Console/Input/ArgvInput))
#29 {main}
"} 
[2026-03-21 15:15:09] local.ERROR: A role `Admin` already exists for guard `web`. {"exception":"[object] (Spatie\\Permission\\Exceptions\\RoleAlreadyExists(code: 0): A role `Admin` already exists for guard `web`. at C:/xampp/htdocs/Infertility-Treatment-Management-and-Monitoring-System/vendor/spatie/laravel-permission/src/Exceptions/RoleAlreadyExists.php:11)
[stacktrace]
#0 C:/xampp/htdocs/Infertility-Treatment-Management-and-Monitoring-System/vendor/spatie/laravel-permission/src/Models/Role.php(64): Spatie/Permission/Exceptions/RoleAlreadyExists::create('Admin', 'web')
#1 C:/xampp/htdocs/Infertility-Treatment-Management-and-Monitoring-System/database/seeders/DatabaseSeeder.php(17): Spatie/Permission/Models/Role::create(Array)
#2 C:/xampp/htdocs/Infertility-Treatment-Management-and-Monitoring-System/vendor/laravel/framework/src/Illuminate/Container/BoundMethod.php(36): Database/Seeders/DatabaseSeeder->run()
#3 C:/xampp/htdocs/Infertility-Treatment-Management-and-Monitoring-System/vendor/laravel/framework/src/Illuminate/Container/Util.php(43): Illuminate/Container/BoundMethod::Illuminate/Container/{closure}()
#4 C:/xampp/htdocs/Infertility-Treatment-Management-and-Monitoring-System/vendor/laravel/framework/src/Illuminate/Container/BoundMethod.php(96): Illuminate/Container/Util::unwrapIfClosure(Object(Closure))
#5 C:/xampp/htdocs/Infertility-Treatment-Management-and-Monitoring-System/vendor/laravel/framework/src/Illuminate/Container/BoundMethod.php(35): Illuminate/Container/BoundMethod::callBoundMethod(Object(Illuminate/Foundation/Application), Array, Object(Closure))
#6 C:/xampp/htdocs/Infertility-Treatment-Management-and-Monitoring-System/vendor/laravel/framework/src/Illuminate/Container/Container.php(799): Illuminate/Container/BoundMethod::call(Object(Illuminate/Foundation/Application), Array, Array, NULL)
#7 C:/xampp/htdocs/Infertility-Treatment-Management-and-Monitoring-System/vendor/laravel/framework/src/Illuminate/Database/Seeder.php(184): Illuminate/Container/Container->call(Array, Array)
#8 C:/xampp/htdocs/Infertility-Treatment-Management-and-Monitoring-System/vendor/laravel/framework/src/Illuminate/Database/Eloquent/Concerns/HasEvents.php(454): Illuminate/Database/Seeder->Illuminate/Database/{closure}()
#9 C:/xampp/htdocs/Infertility-Treatment-Management-and-Monitoring-System/vendor/laravel/framework/src/Illuminate/Database/Console/Seeds/WithoutModelEvents.php(17): Illuminate/Database/Eloquent/Model::withoutEvents(Object(Closure))
#10 C:/xampp/htdocs/Infertility-Treatment-Management-and-Monitoring-System/vendor/laravel/framework/src/Illuminate/Database/Seeder.php(193): Database/Seeders/DatabaseSeeder->Illuminate/Database/Console/Seeds/{closure}()
#11 C:/xampp/htdocs/Infertility-Treatment-Management-and-Monitoring-System/vendor/laravel/framework/src/Illuminate/Database/Console/Seeds/SeedCommand.php(71): Illuminate/Database/Seeder->__invoke()
#12 C:/xampp/htdocs/Infertility-Treatment-Management-and-Monitoring-System/vendor/laravel/framework/src/Illuminate/Database/Eloquent/Concerns/GuardsAttributes.php(157): Illuminate/Database/Console/Seeds/SeedCommand->Illuminate/Database/Console/Seeds/{closure}()
#13 C:/xampp/htdocs/Infertility-Treatment-Management-and-Monitoring-System/vendor/laravel/framework/src/Illuminate/Database/Console/Seeds/SeedCommand.php(70): Illuminate/Database/Eloquent/Model::unguarded(Object(Closure))
#14 C:/xampp/htdocs/Infertility-Treatment-Management-and-Monitoring-System/vendor/laravel/framework/src/Illuminate/Container/BoundMethod.php(36): Illuminate/Database/Console/Seeds/SeedCommand->handle()
#15 C:/xampp/htdocs/Infertility-Treatment-Management-and-Monitoring-System/vendor/laravel/framework/src/Illuminate/Container/Util.php(43): Illuminate/Container/BoundMethod::Illuminate/Container/{closure}()
#16 C:/xampp/htdocs/Infertility-Treatment-Management-and-Monitoring-System/vendor/laravel/framework/src/Illuminate/Container/BoundMethod.php(96): Illuminate/Container/Util::unwrapIfClosure(Object(Closure))
#17 C:/xampp/htdocs/Infertility-Treatment-Management-and-Monitoring-System/vendor/laravel/framework/src/Illuminate/Container/BoundMethod.php(35): Illuminate/Container/BoundMethod::callBoundMethod(Object(Illuminate/Foundation/Application), Array, Object(Closure))
#18 C:/xampp/htdocs/Infertility-Treatment-Management-and-Monitoring-System/vendor/laravel/framework/src/Illuminate/Container/Container.php(799): Illuminate/Container/BoundMethod::call(Object(Illuminate/Foundation/Application), Array, Array, NULL)
#19 C:/xampp/htdocs/Infertility-Treatment-Management-and-Monitoring-System/vendor/laravel/framework/src/Illuminate/Console/Command.php(211): Illuminate/Container/Container->call(Array)
#20 C:/xampp/htdocs/Infertility-Treatment-Management-and-Monitoring-System/vendor/symfony/console/Command/Command.php(341): Illuminate/Console/Command->execute(Object(Symfony/Component/Console/Input/ArgvInput), Object(Illuminate/Console/OutputStyle))
#21 C:/xampp/htdocs/Infertility-Treatment-Management-and-Monitoring-System/vendor/laravel/framework/src/Illuminate/Console/Command.php(180): Symfony/Component/Console/Command/Command->run(Object(Symfony/Component/Console/Input/ArgvInput), Object(Illuminate/Console/OutputStyle))
#22 C:/xampp/htdocs/Infertility-Treatment-Management-and-Monitoring-System/vendor/symfony/console/Application.php(1117): Illuminate/Console/Command->run(Object(Symfony/Component/Console/Input/ArgvInput), Object(Symfony/Component/Console/Output/ConsoleOutput))
#23 C:/xampp/htdocs/Infertility-Treatment-Management-and-Monitoring-System/vendor/symfony/console/Application.php(356): Symfony/Component/Console/Application->doRunCommand(Object(Illuminate/Database/Console/Seeds/SeedCommand), Object(Symfony/Component/Console/Input/ArgvInput), Object(Symfony/Component/Console/Output/ConsoleOutput))
#24 C:/xampp/htdocs/Infertility-Treatment-Management-and-Monitoring-System/vendor/symfony/console/Application.php(195): Symfony/Component/Console/Application->doRun(Object(Symfony/Component/Console/Input/ArgvInput), Object(Symfony/Component/Console/Output/ConsoleOutput))
#25 C:/xampp/htdocs/Infertility-Treatment-Management-and-Monitoring-System/vendor/laravel/framework/src/Illuminate/Foundation/Console/Kernel.php(198): Symfony/Component/Console/Application->run(Object(Symfony/Component/Console/Input/ArgvInput), Object(Symfony/Component/Console/Output/ConsoleOutput))
#26 C:/xampp/htdocs/Infertility-Treatment-Management-and-Monitoring-System/vendor/laravel/framework/src/Illuminate/Foundation/Application.php(1235): Illuminate/Foundation/Console/Kernel->handle(Object(Symfony/Component/Console/Input/ArgvInput), Object(Symfony/Component/Console/Output/ConsoleOutput))
#27 C:/xampp/htdocs/Infertility-Treatment-Management-and-Monitoring-System/artisan(16): Illuminate/Foundation/Application->handleCommand(Object(Symfony/Component/Console/Input/ArgvInput))
#28 {main}
"} 
